Apr 21, 2020 2:49:25 PM com.redhat.quarkus.ls.QuarkusLanguageServer initialize
INFO: Initializing Quarkus server 0.0.4-20191120-1547 with /Users/luishenriquegomescamilo/Library/Application Support/JetBrains/Toolbox/apps/IDEA-U/ch-0/201.6668.121/IntelliJ IDEA.app/Contents/jbr/Contents/Home
Apr 21, 2020 2:54:43 PM com.redhat.quarkus.ls.QuarkusLanguageServer initialize
INFO: Initializing Quarkus server 0.0.4-20191120-1547 with /Users/luishenriquegomescamilo/Library/Application Support/JetBrains/Toolbox/apps/IDEA-U/ch-0/201.6668.121/IntelliJ IDEA.app/Contents/jbr/Contents/Home
Apr 21, 2020 2:55:51 PM com.redhat.quarkus.ls.QuarkusLanguageServer initialize
INFO: Initializing Quarkus server 0.0.4-20191120-1547 with /Users/luishenriquegomescamilo/Library/Application Support/JetBrains/Toolbox/apps/IDEA-U/ch-0/201.6668.121/IntelliJ IDEA.app/Contents/jbr/Contents/Home
Apr 21, 2020 2:57:30 PM com.redhat.quarkus.ls.QuarkusLanguageServer initialize
INFO: Initializing Quarkus server 0.0.4-20191120-1547 with /Users/luishenriquegomescamilo/Library/Application Support/JetBrains/Toolbox/apps/IDEA-U/ch-0/201.6668.121/IntelliJ IDEA.app/Contents/jbr/Contents/Home
Apr 21, 2020 3:00:21 PM com.redhat.quarkus.services.QuarkusHover doHover
SEVERE: In QuarkusHover, position error
com.redhat.quarkus.ls.commons.BadLocationException
	at com.redhat.quarkus.ls.commons.TreeLineTracker.fail(TreeLineTracker.java:1072)
	at com.redhat.quarkus.ls.commons.TreeLineTracker.getLineInformation(TreeLineTracker.java:1257)
	at com.redhat.quarkus.ls.commons.TreeLineTracker.getOffsetAt(TreeLineTracker.java:1186)
	at com.redhat.quarkus.ls.commons.TextDocument.offsetAt(TextDocument.java:76)
	at com.redhat.quarkus.model.Node.findNodeAt(Node.java:202)
	at com.redhat.quarkus.services.QuarkusHover.doHover(QuarkusHover.java:59)
	at com.redhat.quarkus.services.QuarkusLanguageService.doHover(QuarkusLanguageService.java:98)
	at com.redhat.quarkus.ls.QuarkusTextDocumentService.lambda$null$3(QuarkusTextDocumentService.java:164)
	at java.base/java.util.concurrent.CompletableFuture.biApply(CompletableFuture.java:1236)
	at java.base/java.util.concurrent.CompletableFuture$BiApply.tryFire(CompletableFuture.java:1205)
	at java.base/java.util.concurrent.CompletableFuture$Completion.exec(CompletableFuture.java:479)
	at java.base/java.util.concurrent.ForkJoinTask.doExec(ForkJoinTask.java:290)
	at java.base/java.util.concurrent.ForkJoinPool$WorkQueue.topLevelExec(ForkJoinPool.java:1020)
	at java.base/java.util.concurrent.ForkJoinPool.scan(ForkJoinPool.java:1656)
	at java.base/java.util.concurrent.ForkJoinPool.runWorker(ForkJoinPool.java:1594)
	at java.base/java.util.concurrent.ForkJoinWorkerThread.run(ForkJoinWorkerThread.java:177)

Apr 21, 2020 3:00:21 PM com.redhat.quarkus.services.QuarkusHover doHover
SEVERE: In QuarkusHover, position error
com.redhat.quarkus.ls.commons.BadLocationException: The character value, {30} of the line12}, is out of bounds.
	at com.redhat.quarkus.ls.commons.TreeLineTracker.getOffsetAt(TreeLineTracker.java:1214)
	at com.redhat.quarkus.ls.commons.TextDocument.offsetAt(TextDocument.java:76)
	at com.redhat.quarkus.model.Node.findNodeAt(Node.java:202)
	at com.redhat.quarkus.services.QuarkusHover.doHover(QuarkusHover.java:59)
	at com.redhat.quarkus.services.QuarkusLanguageService.doHover(QuarkusLanguageService.java:98)
	at com.redhat.quarkus.ls.QuarkusTextDocumentService.lambda$null$3(QuarkusTextDocumentService.java:164)
	at java.base/java.util.concurrent.CompletableFuture.biApply(CompletableFuture.java:1236)
	at java.base/java.util.concurrent.CompletableFuture$BiApply.tryFire(CompletableFuture.java:1205)
	at java.base/java.util.concurrent.CompletableFuture$Completion.exec(CompletableFuture.java:479)
	at java.base/java.util.concurrent.ForkJoinTask.doExec(ForkJoinTask.java:290)
	at java.base/java.util.concurrent.ForkJoinPool$WorkQueue.topLevelExec(ForkJoinPool.java:1020)
	at java.base/java.util.concurrent.ForkJoinPool.scan(ForkJoinPool.java:1656)
	at java.base/java.util.concurrent.ForkJoinPool.runWorker(ForkJoinPool.java:1594)
	at java.base/java.util.concurrent.ForkJoinWorkerThread.run(ForkJoinWorkerThread.java:177)

Apr 21, 2020 3:01:21 PM com.redhat.quarkus.services.QuarkusHover doHover
SEVERE: In QuarkusHover, position error
com.redhat.quarkus.ls.commons.BadLocationException
	at com.redhat.quarkus.ls.commons.TreeLineTracker.fail(TreeLineTracker.java:1072)
	at com.redhat.quarkus.ls.commons.TreeLineTracker.getLineInformation(TreeLineTracker.java:1257)
	at com.redhat.quarkus.ls.commons.TreeLineTracker.getOffsetAt(TreeLineTracker.java:1186)
	at com.redhat.quarkus.ls.commons.TextDocument.offsetAt(TextDocument.java:76)
	at com.redhat.quarkus.model.Node.findNodeAt(Node.java:202)
	at com.redhat.quarkus.services.QuarkusHover.doHover(QuarkusHover.java:59)
	at com.redhat.quarkus.services.QuarkusLanguageService.doHover(QuarkusLanguageService.java:98)
	at com.redhat.quarkus.ls.QuarkusTextDocumentService.lambda$null$3(QuarkusTextDocumentService.java:164)
	at java.base/java.util.concurrent.CompletableFuture.biApply(CompletableFuture.java:1236)
	at java.base/java.util.concurrent.CompletableFuture$BiApply.tryFire(CompletableFuture.java:1205)
	at java.base/java.util.concurrent.CompletableFuture$Completion.exec(CompletableFuture.java:479)
	at java.base/java.util.concurrent.ForkJoinTask.doExec(ForkJoinTask.java:290)
	at java.base/java.util.concurrent.ForkJoinPool$WorkQueue.topLevelExec(ForkJoinPool.java:1020)
	at java.base/java.util.concurrent.ForkJoinPool.scan(ForkJoinPool.java:1656)
	at java.base/java.util.concurrent.ForkJoinPool.runWorker(ForkJoinPool.java:1594)
	at java.base/java.util.concurrent.ForkJoinWorkerThread.run(ForkJoinWorkerThread.java:177)

Apr 21, 2020 3:01:24 PM com.redhat.quarkus.services.QuarkusHover doHover
SEVERE: In QuarkusHover, position error
com.redhat.quarkus.ls.commons.BadLocationException: The character value, {4} of the line12}, is out of bounds.
	at com.redhat.quarkus.ls.commons.TreeLineTracker.getOffsetAt(TreeLineTracker.java:1214)
	at com.redhat.quarkus.ls.commons.TextDocument.offsetAt(TextDocument.java:76)
	at com.redhat.quarkus.model.Node.findNodeAt(Node.java:202)
	at com.redhat.quarkus.services.QuarkusHover.doHover(QuarkusHover.java:59)
	at com.redhat.quarkus.services.QuarkusLanguageService.doHover(QuarkusLanguageService.java:98)
	at com.redhat.quarkus.ls.QuarkusTextDocumentService.lambda$null$3(QuarkusTextDocumentService.java:164)
	at java.base/java.util.concurrent.CompletableFuture.biApply(CompletableFuture.java:1236)
	at java.base/java.util.concurrent.CompletableFuture$BiApply.tryFire(CompletableFuture.java:1205)
	at java.base/java.util.concurrent.CompletableFuture$Completion.exec(CompletableFuture.java:479)
	at java.base/java.util.concurrent.ForkJoinTask.doExec(ForkJoinTask.java:290)
	at java.base/java.util.concurrent.ForkJoinPool$WorkQueue.topLevelExec(ForkJoinPool.java:1020)
	at java.base/java.util.concurrent.ForkJoinPool.scan(ForkJoinPool.java:1656)
	at java.base/java.util.concurrent.ForkJoinPool.runWorker(ForkJoinPool.java:1594)
	at java.base/java.util.concurrent.ForkJoinWorkerThread.run(ForkJoinWorkerThread.java:177)

Apr 21, 2020 3:01:29 PM com.redhat.quarkus.services.QuarkusHover doHover
SEVERE: In QuarkusHover, position error
com.redhat.quarkus.ls.commons.BadLocationException: The character value, {30} of the line8}, is out of bounds.
	at com.redhat.quarkus.ls.commons.TreeLineTracker.getOffsetAt(TreeLineTracker.java:1214)
	at com.redhat.quarkus.ls.commons.TextDocument.offsetAt(TextDocument.java:76)
	at com.redhat.quarkus.model.Node.findNodeAt(Node.java:202)
	at com.redhat.quarkus.services.QuarkusHover.doHover(QuarkusHover.java:59)
	at com.redhat.quarkus.services.QuarkusLanguageService.doHover(QuarkusLanguageService.java:98)
	at com.redhat.quarkus.ls.QuarkusTextDocumentService.lambda$null$3(QuarkusTextDocumentService.java:164)
	at java.base/java.util.concurrent.CompletableFuture.biApply(CompletableFuture.java:1236)
	at java.base/java.util.concurrent.CompletableFuture$BiApply.tryFire(CompletableFuture.java:1205)
	at java.base/java.util.concurrent.CompletableFuture$Completion.exec(CompletableFuture.java:479)
	at java.base/java.util.concurrent.ForkJoinTask.doExec(ForkJoinTask.java:290)
	at java.base/java.util.concurrent.ForkJoinPool$WorkQueue.topLevelExec(ForkJoinPool.java:1020)
	at java.base/java.util.concurrent.ForkJoinPool.scan(ForkJoinPool.java:1656)
	at java.base/java.util.concurrent.ForkJoinPool.runWorker(ForkJoinPool.java:1594)
	at java.base/java.util.concurrent.ForkJoinWorkerThread.run(ForkJoinWorkerThread.java:177)

Apr 21, 2020 3:01:29 PM com.redhat.quarkus.services.QuarkusHover doHover
SEVERE: In QuarkusHover, position error
com.redhat.quarkus.ls.commons.BadLocationException: The character value, {17} of the line10}, is out of bounds.
	at com.redhat.quarkus.ls.commons.TreeLineTracker.getOffsetAt(TreeLineTracker.java:1214)
	at com.redhat.quarkus.ls.commons.TextDocument.offsetAt(TextDocument.java:76)
	at com.redhat.quarkus.model.Node.findNodeAt(Node.java:202)
	at com.redhat.quarkus.services.QuarkusHover.doHover(QuarkusHover.java:59)
	at com.redhat.quarkus.services.QuarkusLanguageService.doHover(QuarkusLanguageService.java:98)
	at com.redhat.quarkus.ls.QuarkusTextDocumentService.lambda$null$3(QuarkusTextDocumentService.java:164)
	at java.base/java.util.concurrent.CompletableFuture.biApply(CompletableFuture.java:1236)
	at java.base/java.util.concurrent.CompletableFuture$BiApply.tryFire(CompletableFuture.java:1205)
	at java.base/java.util.concurrent.CompletableFuture$Completion.exec(CompletableFuture.java:479)
	at java.base/java.util.concurrent.ForkJoinTask.doExec(ForkJoinTask.java:290)
	at java.base/java.util.concurrent.ForkJoinPool$WorkQueue.topLevelExec(ForkJoinPool.java:1020)
	at java.base/java.util.concurrent.ForkJoinPool.scan(ForkJoinPool.java:1656)
	at java.base/java.util.concurrent.ForkJoinPool.runWorker(ForkJoinPool.java:1594)
	at java.base/java.util.concurrent.ForkJoinWorkerThread.run(ForkJoinWorkerThread.java:177)

Apr 21, 2020 3:02:02 PM com.redhat.quarkus.services.QuarkusHover doHover
SEVERE: In QuarkusHover, position error
com.redhat.quarkus.ls.commons.BadLocationException: The character value, {29} of the line13}, is out of bounds.
	at com.redhat.quarkus.ls.commons.TreeLineTracker.getOffsetAt(TreeLineTracker.java:1214)
	at com.redhat.quarkus.ls.commons.TextDocument.offsetAt(TextDocument.java:76)
	at com.redhat.quarkus.model.Node.findNodeAt(Node.java:202)
	at com.redhat.quarkus.services.QuarkusHover.doHover(QuarkusHover.java:59)
	at com.redhat.quarkus.services.QuarkusLanguageService.doHover(QuarkusLanguageService.java:98)
	at com.redhat.quarkus.ls.QuarkusTextDocumentService.lambda$null$3(QuarkusTextDocumentService.java:164)
	at java.base/java.util.concurrent.CompletableFuture.biApply(CompletableFuture.java:1236)
	at java.base/java.util.concurrent.CompletableFuture$BiApply.tryFire(CompletableFuture.java:1205)
	at java.base/java.util.concurrent.CompletableFuture$Completion.exec(CompletableFuture.java:479)
	at java.base/java.util.concurrent.ForkJoinTask.doExec(ForkJoinTask.java:290)
	at java.base/java.util.concurrent.ForkJoinPool$WorkQueue.topLevelExec(ForkJoinPool.java:1020)
	at java.base/java.util.concurrent.ForkJoinPool.scan(ForkJoinPool.java:1656)
	at java.base/java.util.concurrent.ForkJoinPool.runWorker(ForkJoinPool.java:1594)
	at java.base/java.util.concurrent.ForkJoinWorkerThread.run(ForkJoinWorkerThread.java:177)

Apr 21, 2020 3:02:02 PM com.redhat.quarkus.services.QuarkusHover doHover
SEVERE: In QuarkusHover, position error
com.redhat.quarkus.ls.commons.BadLocationException: The character value, {35} of the line13}, is out of bounds.
	at com.redhat.quarkus.ls.commons.TreeLineTracker.getOffsetAt(TreeLineTracker.java:1214)
	at com.redhat.quarkus.ls.commons.TextDocument.offsetAt(TextDocument.java:76)
	at com.redhat.quarkus.model.Node.findNodeAt(Node.java:202)
	at com.redhat.quarkus.services.QuarkusHover.doHover(QuarkusHover.java:59)
	at com.redhat.quarkus.services.QuarkusLanguageService.doHover(QuarkusLanguageService.java:98)
	at com.redhat.quarkus.ls.QuarkusTextDocumentService.lambda$null$3(QuarkusTextDocumentService.java:164)
	at java.base/java.util.concurrent.CompletableFuture.biApply(CompletableFuture.java:1236)
	at java.base/java.util.concurrent.CompletableFuture$BiApply.tryFire(CompletableFuture.java:1205)
	at java.base/java.util.concurrent.CompletableFuture$Completion.exec(CompletableFuture.java:479)
	at java.base/java.util.concurrent.ForkJoinTask.doExec(ForkJoinTask.java:290)
	at java.base/java.util.concurrent.ForkJoinPool$WorkQueue.topLevelExec(ForkJoinPool.java:1020)
	at java.base/java.util.concurrent.ForkJoinPool.scan(ForkJoinPool.java:1656)
	at java.base/java.util.concurrent.ForkJoinPool.runWorker(ForkJoinPool.java:1594)
	at java.base/java.util.concurrent.ForkJoinWorkerThread.run(ForkJoinWorkerThread.java:177)

Apr 21, 2020 3:02:04 PM com.redhat.quarkus.services.QuarkusHover doHover
SEVERE: In QuarkusHover, position error
com.redhat.quarkus.ls.commons.BadLocationException: The character value, {17} of the line13}, is out of bounds.
	at com.redhat.quarkus.ls.commons.TreeLineTracker.getOffsetAt(TreeLineTracker.java:1214)
	at com.redhat.quarkus.ls.commons.TextDocument.offsetAt(TextDocument.java:76)
	at com.redhat.quarkus.model.Node.findNodeAt(Node.java:202)
	at com.redhat.quarkus.services.QuarkusHover.doHover(QuarkusHover.java:59)
	at com.redhat.quarkus.services.QuarkusLanguageService.doHover(QuarkusLanguageService.java:98)
	at com.redhat.quarkus.ls.QuarkusTextDocumentService.lambda$null$3(QuarkusTextDocumentService.java:164)
	at java.base/java.util.concurrent.CompletableFuture.biApply(CompletableFuture.java:1236)
	at java.base/java.util.concurrent.CompletableFuture$BiApply.tryFire(CompletableFuture.java:1205)
	at java.base/java.util.concurrent.CompletableFuture$Completion.exec(CompletableFuture.java:479)
	at java.base/java.util.concurrent.ForkJoinTask.doExec(ForkJoinTask.java:290)
	at java.base/java.util.concurrent.ForkJoinPool$WorkQueue.topLevelExec(ForkJoinPool.java:1020)
	at java.base/java.util.concurrent.ForkJoinPool.scan(ForkJoinPool.java:1656)
	at java.base/java.util.concurrent.ForkJoinPool.runWorker(ForkJoinPool.java:1594)
	at java.base/java.util.concurrent.ForkJoinWorkerThread.run(ForkJoinWorkerThread.java:177)

Apr 21, 2020 3:02:32 PM com.redhat.quarkus.services.QuarkusHover doHover
SEVERE: In QuarkusHover, position error
com.redhat.quarkus.ls.commons.BadLocationException: The character value, {30} of the line12}, is out of bounds.
	at com.redhat.quarkus.ls.commons.TreeLineTracker.getOffsetAt(TreeLineTracker.java:1214)
	at com.redhat.quarkus.ls.commons.TextDocument.offsetAt(TextDocument.java:76)
	at com.redhat.quarkus.model.Node.findNodeAt(Node.java:202)
	at com.redhat.quarkus.services.QuarkusHover.doHover(QuarkusHover.java:59)
	at com.redhat.quarkus.services.QuarkusLanguageService.doHover(QuarkusLanguageService.java:98)
	at com.redhat.quarkus.ls.QuarkusTextDocumentService.lambda$null$3(QuarkusTextDocumentService.java:164)
	at java.base/java.util.concurrent.CompletableFuture.biApply(CompletableFuture.java:1236)
	at java.base/java.util.concurrent.CompletableFuture$BiApply.tryFire(CompletableFuture.java:1205)
	at java.base/java.util.concurrent.CompletableFuture$Completion.exec(CompletableFuture.java:479)
	at java.base/java.util.concurrent.ForkJoinTask.doExec(ForkJoinTask.java:290)
	at java.base/java.util.concurrent.ForkJoinPool$WorkQueue.topLevelExec(ForkJoinPool.java:1020)
	at java.base/java.util.concurrent.ForkJoinPool.scan(ForkJoinPool.java:1656)
	at java.base/java.util.concurrent.ForkJoinPool.runWorker(ForkJoinPool.java:1594)
	at java.base/java.util.concurrent.ForkJoinWorkerThread.run(ForkJoinWorkerThread.java:177)

Apr 21, 2020 3:05:28 PM com.redhat.quarkus.services.QuarkusHover doHover
SEVERE: In QuarkusHover, position error
com.redhat.quarkus.ls.commons.BadLocationException: The character value, {33} of the line13}, is out of bounds.
	at com.redhat.quarkus.ls.commons.TreeLineTracker.getOffsetAt(TreeLineTracker.java:1214)
	at com.redhat.quarkus.ls.commons.TextDocument.offsetAt(TextDocument.java:76)
	at com.redhat.quarkus.model.Node.findNodeAt(Node.java:202)
	at com.redhat.quarkus.services.QuarkusHover.doHover(QuarkusHover.java:59)
	at com.redhat.quarkus.services.QuarkusLanguageService.doHover(QuarkusLanguageService.java:98)
	at com.redhat.quarkus.ls.QuarkusTextDocumentService.lambda$null$3(QuarkusTextDocumentService.java:164)
	at java.base/java.util.concurrent.CompletableFuture.biApply(CompletableFuture.java:1236)
	at java.base/java.util.concurrent.CompletableFuture$BiApply.tryFire(CompletableFuture.java:1205)
	at java.base/java.util.concurrent.CompletableFuture$Completion.exec(CompletableFuture.java:479)
	at java.base/java.util.concurrent.ForkJoinTask.doExec(ForkJoinTask.java:290)
	at java.base/java.util.concurrent.ForkJoinPool$WorkQueue.topLevelExec(ForkJoinPool.java:1020)
	at java.base/java.util.concurrent.ForkJoinPool.scan(ForkJoinPool.java:1656)
	at java.base/java.util.concurrent.ForkJoinPool.runWorker(ForkJoinPool.java:1594)
	at java.base/java.util.concurrent.ForkJoinWorkerThread.run(ForkJoinWorkerThread.java:177)

Apr 21, 2020 3:06:38 PM com.redhat.quarkus.ls.QuarkusLanguageServer initialize
INFO: Initializing Quarkus server 0.0.4-20191120-1547 with /Users/luishenriquegomescamilo/Library/Application Support/JetBrains/Toolbox/apps/IDEA-U/ch-0/201.6668.121/IntelliJ IDEA.app/Contents/jbr/Contents/Home
